tpl addr: {
  "isvalid": true,
  "addressdata": {
    "address": "2080bd7ykxnsk3szrxha7r8an9kt01gtz4xb3zaydg41k91p6vren0f7m",
    "ismine": true,
    "type": "template",
    "template": "multisig",
    "templatedata": {
      "type": "multisig",
      "hex": "020001020af422c870cac4073414838b6129d9c92768878e9a8b52d7b87f07f4c713f5ab012bfb51ccab24d5e9bd3394a62efd16d24cad812b3492fd83241065ce2881d8ec01",
      "multisig": {
        "required": 1,
        "addresses": [
          "11bt25j3gsb20ed0mge5p2aess4kph1weka5n5nxrfw3z9hrkypnzzas5",
          "15fxn3k5b4kaykf9kjjk2xz8pt96av09b6j9fv0s421jwwa41v3payw5v"
        ]
      }
    }
  }
}
19:04:40.945775|bigbang[0m:debug|rpcmod-eventq|<rpcmod>request : {"id":14,"method":"sendfrom","jsonrpc":"2.0","params":{"from":"20g06z2bmwb71n9xg9zsv4vzay86ab7avt6n97hm6ra2z3rsbrtc2ncer","to":"2080bd7ykxnsk3szrxha7r8an9kt01gtz4xb3zaydg41k91p6vren0f7m","amount":99.000000}} [0m
[dbg]GetSignatureHash(txid原始数据):
1, 0, 0, 0, 72, 89, 251, 93, 0, 0, 0, 0, 212, 168, 244, 69, 121, 30, 53, 71, 27, 105, 37, 78, 68, 74, 78, 172, 46, 36, 72, 245, 123, 66, 10, 101, 53, 249, 53, 195, 0, 0, 0, 0, 1, 179, 191, 126, 157, 118, 100, 1, 135, 174, 14, 129, 135, 212, 166, 141, 20, 98, 109, 136, 15, 34, 169, 133, 246, 230, 158, 23, 186, 71, 89, 251, 93, 0, 2, 2, 0, 182, 159, 211, 237, 115, 49, 231, 248, 236, 84, 124, 33, 85, 76, 244, 0, 195, 95, 39, 86, 63, 171, 205, 129, 3, 52, 134, 198, 222, 29, 192, 158, 230, 5, 0, 0, 0, 0, 100, 0, 0, 0, 0, 0, 0, 0, 0, 
SignDestination ...hash:
221, 173, 247, 216, 218, 124, 37, 15, 102, 168, 1, 154, 132, 183, 111, 166, 230, 101, 89, 84, 74, 150, 184, 161, 211, 254, 217, 22, 149, 225, 150, 140, 
SignDestination ...hash:
221, 173, 247, 216, 218, 124, 37, 15, 102, 168, 1, 154, 132, 183, 111, 166, 230, 101, 89, 84, 74, 150, 184, 161, 211, 254, 217, 22, 149, 225, 150, 140, 
[dbg]GetSignatureHash(txid原始数据):
1, 0, 0, 0, 72, 89, 251, 93, 0, 0, 0, 0, 212, 168, 244, 69, 121, 30, 53, 71, 27, 105, 37, 78, 68, 74, 78, 172, 46, 36, 72, 245, 123, 66, 10, 101, 53, 249, 53, 195, 0, 0, 0, 0, 1, 179, 191, 126, 157, 118, 100, 1, 135, 174, 14, 129, 135, 212, 166, 141, 20, 98, 109, 136, 15, 34, 169, 133, 246, 230, 158, 23, 186, 71, 89, 251, 93, 0, 2, 2, 0, 182, 159, 211, 237, 115, 49, 231, 248, 236, 84, 124, 33, 85, 76, 244, 0, 195, 95, 39, 86, 63, 171, 205, 129, 3, 52, 134, 198, 222, 29, 192, 158, 230, 5, 0, 0, 0, 0, 100, 0, 0, 0, 0, 0, 0, 0, 0, 
[dbg]GetSignatureHash(txid原始数据):
1, 0, 0, 0, 72, 89, 251, 93, 0, 0, 0, 0, 212, 168, 244, 69, 121, 30, 53, 71, 27, 105, 37, 78, 68, 74, 78, 172, 46, 36, 72, 245, 123, 66, 10, 101, 53, 249, 53, 195, 0, 0, 0, 0, 1, 179, 191, 126, 157, 118, 100, 1, 135, 174, 14, 129, 135, 212, 166, 141, 20, 98, 109, 136, 15, 34, 169, 133, 246, 230, 158, 23, 186, 71, 89, 251, 93, 0, 2, 2, 0, 182, 159, 211, 237, 115, 49, 231, 248, 236, 84, 124, 33, 85, 76, 244, 0, 195, 95, 39, 86, 63, 171, 205, 129, 3, 52, 134, 198, 222, 29, 192, 158, 230, 5, 0, 0, 0, 0, 100, 0, 0, 0, 0, 0, 0, 0, 0, 
19:04:40.946208|CTxPool[0m:debug|rpcmod-eventq|Push success, txid: 5dfb594834d693bf6faf56331d292b15bdf16707259c5e4f078eb36eaa05c1a5[0m
19:04:40.946238|CWallet[0m:debug|rpcmod-eventq|AddNewTx: txid: 5dfb594834d693bf6faf56331d292b15bdf16707259c5e4f078eb36eaa05c1a5[0m
19:04:40.946260|CWallet[0m:debug|rpcmod-eventq|AddNewWalletTx: txid: 5dfb594834d693bf6faf56331d292b15bdf16707259c5e4f078eb36eaa05c1a5[0m
19:04:40.946282|CWalletCoins[0m:debug|rpcmod-eventq|Pop: erase success, TotalValue: 0, RefCount: 0, utxo: [0] 5dfb5947ba179ee6f685a9220f886d62148da6d487810eae870164769d7ebfb3[0m
19:04:40.946310|CWalletCoins[0m:debug|rpcmod-eventq|Push: insert success, TotalValue: 1053999900, RefCount: 1, utxo: [1] 5dfb594834d693bf6faf56331d292b15bdf16707259c5e4f078eb36eaa05c1a5[0m
19:04:40.946330|CWalletCoins[0m:debug|rpcmod-eventq|Push: insert success, TotalValue: 99000000, RefCount: 2, utxo: [0] 5dfb594834d693bf6faf56331d292b15bdf16707259c5e4f078eb36eaa05c1a5[0m
19:04:40.946602|[SendFrom][DEBUG][0m:debug|rpcmod-eventq|txNew hash:5dfb594834d693bf6faf56331d292b15bdf16707259c5e4f078eb36eaa05c1a5; input:0:5dfb5947ba179ee6f685a9220f886d62148da6d487810eae870164769d7ebfb3;[0m
19:04:40.946689|bigbang[0m:debug|rpcmod-eventq|<rpcmod>response : {"id":14,"jsonrpc":"2.0","result":"5dfb594834d693bf6faf56331d292b15bdf16707259c5e4f078eb36eaa05c1a5"} [0m
19:04:40.947144|bigbang[0m:debug|rpcmod-eventq|<rpcmod>request : {"id":15,"method":"getbalance","jsonrpc":"2.0","params":{"address":"2080bd7ykxnsk3szrxha7r8an9kt01gtz4xb3zaydg41k91p6vren0f7m"}} [0m
19:04:40.947260|bigbang[0m:debug|rpcmod-eventq|<rpcmod>response : {"id":15,"jsonrpc":"2.0","result":[{"address":"2080bd7ykxnsk3szrxha7r8an9kt01gtz4xb3zaydg41k91p6vren0f7m","avail":99.000000,"locked":0.000000,"unconfirmed":99.000000}]} [0m
2019/12/19 19:04:40 地址 2080bd7ykxnsk3szrxha7r8an9kt01gtz4xb3zaydg41k91p6vren0f7m 余额达到99 (99)
19:04:40.947890|bigbang[0m:debug|rpcmod-eventq|<rpcmod>request : {"id":16,"method":"createtransaction","jsonrpc":"2.0","params":{"from":"2080bd7ykxnsk3szrxha7r8an9kt01gtz4xb3zaydg41k91p6vren0f7m","to":"1axafkn89fjx367k0dyy7hmtkxvz7e2dak48p6qprnnc3298kftgaga83","amount":12.300000}} [0m
19:04:40.947962|bigbang[0m:debug|rpcmod-eventq|<rpcmod>response : {"id":16,"jsonrpc":"2.0","result":"010000004859fb5d00000000d4a8f445791e35471b69254e444a4eac2e2448f57b420a6535f935c30000000001a5c105aa6eb38e074f5e9c250767f1bd152b291d3356af6fbf93d6344859fb5d00015754f9d5097cba331e606fbc78d353eefe7709aa9911635ed8ad583125137ea0e0aebb000000000064000000000000000000"} [0m
created tx hex: 010000004859fb5d00000000d4a8f445791e35471b69254e444a4eac2e2448f57b420a6535f935c30000000001a5c105aa6eb38e074f5e9c250767f1bd152b291d3356af6fbf93d6344859fb5d00015754f9d5097cba331e606fbc78d353eefe7709aa9911635ed8ad583125137ea0e0aebb000000000064000000000000000000
19:04:40.948550|bigbang[0m:debug|rpcmod-eventq|<rpcmod>request : {"id":17,"method":"decodetransaction","jsonrpc":"2.0","params":{"txdata":"010000004859fb5d00000000d4a8f445791e35471b69254e444a4eac2e2448f57b420a6535f935c30000000001a5c105aa6eb38e074f5e9c250767f1bd152b291d3356af6fbf93d6344859fb5d00015754f9d5097cba331e606fbc78d353eefe7709aa9911635ed8ad583125137ea0e0aebb000000000064000000000000000000"}} [0m
19:04:40.948602|BlockBase[0m:debug|rpcmod-eventq|RetrieveTx::RetrieveTxIndex 5dfb5948f795ad101b226c202445bd5596a53ba954f74993cfe53a4919d79d5b tx failed[0m
19:04:40.948624|CService[32m:info|rpcmod-eventq|GetTransaction: BlockChain GetTransaction fail, txid: 5dfb5948f795ad101b226c202445bd5596a53ba954f74993cfe53a4919d79d5b[0m
19:04:40.948685|CService::GetTxSender[31m:error|rpcmod-eventq|get tx sender failed.[0m
19:04:40.948864|bigbang[0m:debug|rpcmod-eventq|<rpcmod>response : {"id":17,"jsonrpc":"2.0","error":{"code":-32603,"message":"No information available about the previous one of this transaction"}} [0m
gobbc decode tx: {
  "Version": 1,
  "Typ": 0,
  "Timestamp": 1576753480,
  "LockUntil": 0,
  "SizeIn": 1,
  "Prefix": 1,
  "Amount": 12300000,
  "TxFee": 100,
  "SizeOut": 0,
  "SizeSign": 0,
  "HashAnchor": "00000000c335f935650a427bf548242eac4e4a444e25691b47351e7945f4a8d4",
  "Address": "1axafkn89fjx367k0dyy7hmtkxvz7e2dak48p6qprnnc3298kftgaga83",
  "Sign": ""
}
tx encode tx: 010000004859fb5d00000000d4a8f445791e35471b69254e444a4eac2e2448f57b420a6535f935c30000000001a5c105aa6eb38e074f5e9c250767f1bd152b291d3356af6fbf93d6344859fb5d00015754f9d5097cba331e606fbc78d353eefe7709aa9911635ed8ad583125137ea0e0aebb000000000064000000000000000000
[dbg] encoded tx bytes: [1 0 0 0 72 89 251 93 0 0 0 0 212 168 244 69 121 30 53 71 27 105 37 78 68 74 78 172 46 36 72 245 123 66 10 101 53 249 53 195 0 0 0 0 1 165 193 5 170 110 179 142 7 79 94 156 37 7 103 241 189 21 43 41 29 51 86 175 111 191 147 214 52 72 89 251 93 0 1 87 84 249 213 9 124 186 51 30 96 111 188 120 211 83 238 254 119 9 170 153 17 99 94 216 173 88 49 37 19 126 160 224 174 187 0 0 0 0 0 100 0 0 0 0 0 0 0 0]
MultiSig[go] 内部循环key: [43 251 81 204 171 36 213 233 189 51 148 166 46 253 22 210 76 173 129 43 52 146 253 131 36 16 101 206 40 129 216 236]
MultiSig[go] 内部循环key: [10 244 34 200 112 202 196 7 52 20 131 139 97 41 217 201 39 104 135 142 154 139 82 215 184 127 7 244 199 19 245 171]
[dbg] apk bytes: [65 243 114 60 165 207 14 197 59 180 59 208 115 111 63 212 220 158 111 118 22 89 90 88 72 41 139 21 215 62 13 155]
[dbg]detail of hash: 
[212 168 244 69 121 30 53 71 27 105 37 78 68 74 78 172 46 36 72 245 123 66 10 101 53 249 53 195 0 0 0 0]
[65 243 114 60 165 207 14 197 59 180 59 208 115 111 63 212 220 158 111 118 22 89 90 88 72 41 139 21 215 62 13 155]
[74 14 38 61 23 154 23 117 214 94 23 187 236 119 26 1 164 69 138 65 54 253 28 236 140 103 250 211 225 64 130 43]
 [dbg]hashXAM [51 28 39 42 81 23 230 43 253 221 36 20 160 105 116 78 116 108 128 84 116 66 151 226 145 56 225 24 250 26 213 149]
[dbg]  hashXAMScalar [222 168 130 229 99 155 64 19 116 90 112 89 204 160 157 146 115 108 128 84 116 66 151 226 145 56 225 24 250 26 213 5]
[dbg]  riScalar [106 172 149 167 231 5 255 13 58 122 244 30 21 58 140 37 248 12 53 227 216 173 135 20 2 177 174 132 117 237 94 4]
[dbg]  hiScalar [31 247 31 232 181 83 158 232 140 223 43 222 186 202 129 10 77 106 184 3 73 111 208 63 193 160 205 178 46 104 4 10]
[dbg]  siScalar [213 73 43 188 126 111 33 69 152 31 255 47 3 161 156 133 203 27 76 103 244 232 107 99 186 92 33 71 172 197 242 4]
[bg]indexBitmap [0]
[bg]indexBitmap 2 [1]
CryptoMultiSIgn: 013d2424052a935fdecf48484c0b2931947f8ff773ca45425f0496b305e231fbf9ceeec6e7226d7cfcf491b3848450078a5b1479bb637363f80be14965f07cf30d
gobbc multisig: 010000004859fb5d00000000d4a8f445791e35471b69254e444a4eac2e2448f57b420a6535f935c30000000001a5c105aa6eb38e074f5e9c250767f1bd152b291d3356af6fbf93d6344859fb5d00015754f9d5097cba331e606fbc78d353eefe7709aa9911635ed8ad583125137ea0e0aebb00000000006400000000000000008501020af422c870cac4073414838b6129d9c92768878e9a8b52d7b87f07f4c713f5ab012bfb51ccab24d5e9bd3394a62efd16d24cad812b3492fd83241065ce2881d8ec01013d2424052a935fdecf48484c0b2931947f8ff773ca45425f0496b305e231fbf9ceeec6e7226d7cfcf491b3848450078a5b1479bb637363f80be14965f07cf30d
19:04:40.950189|bigbang[0m:debug|rpcmod-eventq|<rpcmod>request : {"id":18,"method":"signtransaction","jsonrpc":"2.0","params":{"txdata":"010000004859fb5d00000000d4a8f445791e35471b69254e444a4eac2e2448f57b420a6535f935c30000000001a5c105aa6eb38e074f5e9c250767f1bd152b291d3356af6fbf93d6344859fb5d00015754f9d5097cba331e606fbc78d353eefe7709aa9911635ed8ad583125137ea0e0aebb000000000064000000000000000000"}} [0m
0:5dfb5947ba179ee6f685a9220f886d62148da6d487810eae870164769d7ebfb3;[dbg]GetSignatureHash(txid原始数据):
1, 0, 0, 0, 72, 89, 251, 93, 0, 0, 0, 0, 212, 168, 244, 69, 121, 30, 53, 71, 27, 105, 37, 78, 68, 74, 78, 172, 46, 36, 72, 245, 123, 66, 10, 101, 53, 249, 53, 195, 0, 0, 0, 0, 1, 165, 193, 5, 170, 110, 179, 142, 7, 79, 94, 156, 37, 7, 103, 241, 189, 21, 43, 41, 29, 51, 86, 175, 111, 191, 147, 214, 52, 72, 89, 251, 93, 0, 1, 87, 84, 249, 213, 9, 124, 186, 51, 30, 96, 111, 188, 120, 211, 83, 238, 254, 119, 9, 170, 153, 17, 99, 94, 216, 173, 88, 49, 37, 19, 126, 160, 224, 174, 187, 0, 0, 0, 0, 0, 100, 0, 0, 0, 0, 0, 0, 0, 0, 
SignDestination ...hash:
74, 14, 38, 61, 23, 154, 23, 117, 214, 94, 23, 187, 236, 119, 26, 1, 164, 69, 138, 65, 54, 253, 28, 236, 140, 103, 250, 211, 225, 64, 130, 43, 
[dbg] 开始多签的分界线 >>>>>>>>>>>>>>>
anchor:
212, 168, 244, 69, 121, 30, 53, 71, 27, 105, 37, 78, 68, 74, 78, 172, 46, 36, 72, 245, 123, 66, 10, 101, 53, 249, 53, 195, 0, 0, 0, 0, 
msg:
74, 14, 38, 61, 23, 154, 23, 117, 214, 94, 23, 187, 236, 119, 26, 1, 164, 69, 138, 65, 54, 253, 28, 236, 140, 103, 250, 211, 225, 64, 130, 43, 
vchSig:

MultiSignApk start, setPartKey.size:2
MultiSignApk 内部循环key:
10, 244, 34, 200, 112, 202, 196, 7, 52, 20, 131, 139, 97, 41, 217, 201, 39, 104, 135, 142, 154, 139, 82, 215, 184, 127, 7, 244, 199, 19, 245, 171, 
MultiSignApk 内部循环key:
43, 251, 81, 204, 171, 36, 213, 233, 189, 51, 148, 166, 46, 253, 22, 210, 76, 173, 129, 43, 52, 146, 253, 131, 36, 16, 101, 206, 40, 129, 216, 236, 
md32(multiSignedApk):
246, 12, 223, 180, 72, 52, 10, 217, 206, 193, 125, 116, 95, 229, 63, 141, 51, 76, 224, 180, 171, 142, 224, 9, 98, 95, 161, 73, 242, 100, 71, 60, 
multisiSignApk end <<<<
[dbg] detail hash X(anchor):
212, 168, 244, 69, 121, 30, 53, 71, 27, 105, 37, 78, 68, 74, 78, 172, 46, 36, 72, 245, 123, 66, 10, 101, 53, 249, 53, 195, 0, 0, 0, 0, 
[dbg] detail hash apk:
246, 12, 223, 180, 72, 52, 10, 217, 206, 193, 125, 116, 95, 229, 63, 141, 51, 76, 224, 180, 171, 142, 224, 9, 98, 95, 161, 73, 242, 100, 71, 60, 
[dbg] detail hash M(txid):
74, 14, 38, 61, 23, 154, 23, 117, 214, 94, 23, 187, 236, 119, 26, 1, 164, 69, 138, 65, 54, 253, 28, 236, 140, 103, 250, 211, 225, 64, 130, 43, 
MultiSignHash(H(X,apk,M)):
79, 182, 69, 75, 240, 131, 64, 29, 172, 248, 111, 127, 39, 58, 26, 73, 184, 138, 98, 183, 10, 77, 73, 47, 172, 152, 176, 254, 160, 164, 149, 234, 
hash（scalar）: 89 31 212 53 127 24 63 76 243 100 229 149 250 143 232 36 183 138 98 183 10 77 73 47 172 152 176 254 160 164 149 10 
hi（scalar）: 219 250 199 117 52 3 77 233 1 233 185 208 71 112 133 139 179 109 195 72 179 200 113 215 212 66 10 127 111 223 151 15 
si（scalar）: 213 73 43 188 126 111 33 69 152 31 255 47 3 161 156 133 203 27 76 103 244 232 107 99 186 92 33 71 172 197 242 4 
ri(scalar): 106 172 149 167 231 5 255 13 58 122 244 30 21 58 140 37 248 12 53 227 216 173 135 20 2 177 174 132 117 237 94 4 
多签结束 <<<<<<<<<<
MultiSignApk start, setPartKey.size:2
MultiSignApk 内部循环key:
10, 244, 34, 200, 112, 202, 196, 7, 52, 20, 131, 139, 97, 41, 217, 201, 39, 104, 135, 142, 154, 139, 82, 215, 184, 127, 7, 244, 199, 19, 245, 171, 
MultiSignApk 内部循环key:
43, 251, 81, 204, 171, 36, 213, 233, 189, 51, 148, 166, 46, 253, 22, 210, 76, 173, 129, 43, 52, 146, 253, 131, 36, 16, 101, 206, 40, 129, 216, 236, 
md32(multiSignedApk):
246, 12, 223, 180, 72, 52, 10, 217, 206, 193, 125, 116, 95, 229, 63, 141, 51, 76, 224, 180, 171, 142, 224, 9, 98, 95, 161, 73, 242, 100, 71, 60, 
multisiSignApk end <<<<
[dbg] detail hash X(anchor):
212, 168, 244, 69, 121, 30, 53, 71, 27, 105, 37, 78, 68, 74, 78, 172, 46, 36, 72, 245, 123, 66, 10, 101, 53, 249, 53, 195, 0, 0, 0, 0, 
[dbg] detail hash apk:
246, 12, 223, 180, 72, 52, 10, 217, 206, 193, 125, 116, 95, 229, 63, 141, 51, 76, 224, 180, 171, 142, 224, 9, 98, 95, 161, 73, 242, 100, 71, 60, 
[dbg] detail hash M(txid):
74, 14, 38, 61, 23, 154, 23, 117, 214, 94, 23, 187, 236, 119, 26, 1, 164, 69, 138, 65, 54, 253, 28, 236, 140, 103, 250, 211, 225, 64, 130, 43, 
MultiSignHash(H(X,apk,M)):
79, 182, 69, 75, 240, 131, 64, 29, 172, 248, 111, 127, 39, 58, 26, 73, 184, 138, 98, 183, 10, 77, 73, 47, 172, 152, 176, 254, 160, 164, 149, 234, 
[dbg]GetSignatureHash(txid原始数据):
1, 0, 0, 0, 72, 89, 251, 93, 0, 0, 0, 0, 212, 168, 244, 69, 121, 30, 53, 71, 27, 105, 37, 78, 68, 74, 78, 172, 46, 36, 72, 245, 123, 66, 10, 101, 53, 249, 53, 195, 0, 0, 0, 0, 1, 165, 193, 5, 170, 110, 179, 142, 7, 79, 94, 156, 37, 7, 103, 241, 189, 21, 43, 41, 29, 51, 86, 175, 111, 191, 147, 214, 52, 72, 89, 251, 93, 0, 1, 87, 84, 249, 213, 9, 124, 186, 51, 30, 96, 111, 188, 120, 211, 83, 238, 254, 119, 9, 170, 153, 17, 99, 94, 216, 173, 88, 49, 37, 19, 126, 160, 224, 174, 187, 0, 0, 0, 0, 0, 100, 0, 0, 0, 0, 0, 0, 0, 0, 
MultiSignApk start, setPartKey.size:2
MultiSignApk 内部循环key:
10, 244, 34, 200, 112, 202, 196, 7, 52, 20, 131, 139, 97, 41, 217, 201, 39, 104, 135, 142, 154, 139, 82, 215, 184, 127, 7, 244, 199, 19, 245, 171, 
MultiSignApk 内部循环key:
43, 251, 81, 204, 171, 36, 213, 233, 189, 51, 148, 166, 46, 253, 22, 210, 76, 173, 129, 43, 52, 146, 253, 131, 36, 16, 101, 206, 40, 129, 216, 236, 
md32(multiSignedApk):
246, 12, 223, 180, 72, 52, 10, 217, 206, 193, 125, 116, 95, 229, 63, 141, 51, 76, 224, 180, 171, 142, 224, 9, 98, 95, 161, 73, 242, 100, 71, 60, 
multisiSignApk end <<<<
[dbg] detail hash X(anchor):
212, 168, 244, 69, 121, 30, 53, 71, 27, 105, 37, 78, 68, 74, 78, 172, 46, 36, 72, 245, 123, 66, 10, 101, 53, 249, 53, 195, 0, 0, 0, 0, 
[dbg] detail hash apk:
246, 12, 223, 180, 72, 52, 10, 217, 206, 193, 125, 116, 95, 229, 63, 141, 51, 76, 224, 180, 171, 142, 224, 9, 98, 95, 161, 73, 242, 100, 71, 60, 
[dbg] detail hash M(txid):
74, 14, 38, 61, 23, 154, 23, 117, 214, 94, 23, 187, 236, 119, 26, 1, 164, 69, 138, 65, 54, 253, 28, 236, 140, 103, 250, 211, 225, 64, 130, 43, 
MultiSignHash(H(X,apk,M)):
79, 182, 69, 75, 240, 131, 64, 29, 172, 248, 111, 127, 39, 58, 26, 73, 184, 138, 98, 183, 10, 77, 73, 47, 172, 152, 176, 254, 160, 164, 149, 234, 
19:04:40.952753|bigbang[0m:debug|rpcmod-eventq|<rpcmod>response : {"id":18,"jsonrpc":"2.0","result":{"hex":"010000004859fb5d00000000d4a8f445791e35471b69254e444a4eac2e2448f57b420a6535f935c30000000001a5c105aa6eb38e074f5e9c250767f1bd152b291d3356af6fbf93d6344859fb5d00015754f9d5097cba331e606fbc78d353eefe7709aa9911635ed8ad583125137ea0e0aebb00000000006400000000000000008501020af422c870cac4073414838b6129d9c92768878e9a8b52d7b87f07f4c713f5ab012bfb51ccab24d5e9bd3394a62efd16d24cad812b3492fd83241065ce2881d8ec01023d2424052a935fdecf48484c0b2931947f8ff773ca45425f0496b3[0m
signed_multisig_tx: 010000004859fb5d00000000d4a8f445791e35471b69254e444a4eac2e2448f57b420a6535f935c30000000001a5c105aa6eb38e074f5e9c250767f1bd152b291d3356af6fbf93d6344859fb5d00015754f9d5097cba331e606fbc78d353eefe7709aa9911635ed8ad583125137ea0e0aebb00000000006400000000000000008501020af422c870cac4073414838b6129d9c92768878e9a8b52d7b87f07f4c713f5ab012bfb51ccab24d5e9bd3394a62efd16d24cad812b3492fd83241065ce2881d8ec01023d2424052a935fdecf48484c0b2931947f8ff773ca45425f0496b305e231fbf9c1d8816447748b8d1ad80162aeff3086b900d02cf152f873c6b6cd28d79e4508
gobbc decode tx: {
  "Version": 1,
  "Typ": 0,
  "Timestamp": 1576753480,
  "LockUntil": 0,
  "SizeIn": 1,
  "Prefix": 1,
  "Amount": 12300000,
  "TxFee": 100,
  "SizeOut": 0,
  "SizeSign": 133,
  "HashAnchor": "00000000c335f935650a427bf548242eac4e4a444e25691b47351e7945f4a8d4",
  "Address": "1axafkn89fjx367k0dyy7hmtkxvz7e2dak48p6qprnnc3298kftgaga83",
  "Sign": "01020af422c870cac4073414838b6129d9c92768878e9a8b52d7b87f07f4c713f5ab012bfb51ccab24d5e9bd3394a62efd16d24cad812b3492fd83241065ce2881d8ec01023d2424052a935fdecf48484c0b2931947f8ff773ca45425f0496b305e231fbf9c1d8816447748b8d1ad80162aeff3086b900d02cf152f873c6b6cd28d79e4508"
}
tx encode tx: 010000004859fb5d00000000d4a8f445791e35471b69254e444a4eac2e2448f57b420a6535f935c30000000001a5c105aa6eb38e074f5e9c250767f1bd152b291d3356af6fbf93d6344859fb5d00015754f9d5097cba331e606fbc78d353eefe7709aa9911635ed8ad583125137ea0e0aebb00000000006400000000000000008501020af422c870cac4073414838b6129d9c92768878e9a8b52d7b87f07f4c713f5ab012bfb51ccab24d5e9bd3394a62efd16d24cad812b3492fd83241065ce2881d8ec01023d2424052a935fdecf48484c0b2931947f8ff773ca45425f0496b305e231fbf9c1d8816447748b8d1ad80162aeff3086b900d02cf152f873c6b6cd28d79e4508
[]bbrpc.AddrKeypair{bbrpc.AddrKeypair{Keypair:bbrpc.Keypair{Privkey:"735696fec9e37c5954f8b6582c9c65de73cc28f06f6b54d58d1f2f136cda0334", Pubkey:"ecd88128ce65102483fd92342b81ad4cd216fd2ea69433bde9d524abcc51fb2b"}, Address:"15fxn3k5b4kaykf9kjjk2xz8pt96av09b6j9fv0s421jwwa41v3payw5v"}, bbrpc.AddrKeypair{Keypair:bbrpc.Keypair{Privkey:"0591c2ca99b6a4e9622de3fc465a5bb54ae62ae791369a65b7a3bc14ba6da0ef", Pubkey:"abf513c7f4077fb8d7528b9a8e876827c9d929618b83143407c4ca70c822f40a"}, Address:"11bt25j3gsb20ed0mge5p2aess4kph1weka5n5nxrfw3z9hrkypnzzas5"}, bbrpc.AddrKeypair{Keypair:bbrpc.Keypair{Privkey:"8541e2639ff2dee2404d7ebaf79edce261f87ba8b61dc74669bfe396bdba032a", Pubkey:"a07e13253158add85e631199aa0977feee53d378bc6f601e33ba7c09d5f95457"}, Address:"1axafkn89fjx367k0dyy7hmtkxvz7e2dak48p6qprnnc3298kftgaga83"}}
goroutine 7 [running]:
runtime/debug.Stack(0x2000008, 0x0, 0x0)
	/usr/local/go/src/runtime/debug/stack.go:24 +0x9d
runtime/debug.PrintStack()
	/usr/local/go/src/runtime/debug/stack.go:16 +0x22
github.com/lomocoin/gobbc.(*TW).assertFailed(0xc0001c7ad0, 0x13a9a83, 0x4b, 0xc0000dc600, 0x5, 0x8)
	/Users/sunxiansong/Documents/lomo/projects/gobbc/testing.go:40 +0x21b
github.com/lomocoin/gobbc.(*TW).Equal(0xc0001c7ad0, 0x13180a0, 0xc00005dc80, 0x13180a0, 0xc00005dc90, 0xc0001c7b30, 0x1, 0x1, 0x0)
	/Users/sunxiansong/Documents/lomo/projects/gobbc/testing.go:82 +0x1c5
github.com/gobbc/qa.TestMultisigSingleNode(0xc0000e0100)
	/Users/sunxiansong/Documents/lomo/projects/gobbc/qa/multisig_integration_test.go:277 +0x14a2
testing.tRunner(0xc0000e0100, 0x13b0168)
	/usr/local/go/src/testing/testing.go:909 +0xc9
created by testing.(*T).Run
	/usr/local/go/src/testing/testing.go:960 +0x350
Received message,killing bigbang server
2019/12/19 19:04:40 Shutting down RPC client 127.0.0.1:9906
--- FAIL: TestMultisigSingleNode (2.31s)
    testing.go:41: [test assert failed] should be equal: [010000004859fb5d00000000d4a8f445791e35471b69254e444a4eac2e2448f57b420a6535f935c30000000001a5c105aa6eb38e074f5e9c250767f1bd152b291d3356af6fbf93d6344859fb5d00015754f9d5097cba331e606fbc78d353eefe7709aa9911635ed8ad583125137ea0e0aebb00000000006400000000000000008501020af422c870cac4073414838b6129d9c92768878e9a8b52d7b87f07f4c713f5ab012bfb51ccab24d5e9bd3394a62efd16d24cad812b3492fd83241065ce2881d8ec01013d2424052a935fdecf48484c0b2931947f8ff773ca45425f0496b305e231fbf9ceeec6e7226d7cfcf491b3848450078a5b1479bb637363f80be14965f07cf30d(string)] <-expected actual-> [010000004859fb5d00000000d4a8f445791e35471b69254e444a4eac2e2448f57b420a6535f935c30000000001a5c105aa6eb38e074f5e9c250767f1bd152b291d3356af6fbf93d6344859fb5d00015754f9d5097cba331e606fbc78d353eefe7709aa9911635ed8ad583125137ea0e0aebb00000000006400000000000000008501020af422c870cac4073414838b6129d9c92768878e9a8b52d7b87f07f4c713f5ab012bfb51ccab24d5e9bd3394a62efd16d24cad812b3492fd83241065ce2881d8ec01023d2424052a935fdecf48484c0b2931947f8ff773ca45425f0496b305e231fbf9c1d8816447748b8d1ad80162aeff3086b900d02cf152f873c6b6cd28d79e4508(string)]%!(EXTRA string=sdk签名应该与core签名一致)
2019/12/19 19:04:40 RPC client send handler done for 127.0.0.1:9906
FAIL
exit status 1
FAIL	github.com/gobbc/qa	2.658s
